<?xml version="1.0" encoding="UTF-8"?>
<!-- Generated by org.testng.reporters.JUnitReportReporter -->
<testsuite skipped="0" hostname="DESKTOP-MOAHVBU" name="org.testngdemo.Crossbrowser" tests="2" failures="0" timestamp="23 Feb 2021 05:55:24 GMT" time="93.027" errors="0">
  <testcase name="tc0" time="23.652" classname="org.testngdemo.Crossbrowser"/>
  <testcase name="tc1" time="69.375" classname="org.testngdemo.Crossbrowser"/>
</testsuite> <!-- org.testngdemo.Crossbrowser -->
