<?xml version="1.0" encoding="UTF-8"?>
<!-- Generated by org.testng.reporters.JUnitReportReporter -->
<testsuite skipped="0" hostname="DESKTOP-MOAHVBU" name="org.testngdemo.Demo4" tests="5" failures="0" timestamp="23 Feb 2021 05:49:44 GMT" time="0.089" errors="0">
  <testcase name="tc0" time="0.038" classname="org.testngdemo.Demo4"/>
  <testcase name="tc0" time="0.014" classname="org.testngdemo.Demo4"/>
  <testcase name="tc2" time="0.006" classname="org.testngdemo.Demo4"/>
  <testcase name="tc1" time="0.004" classname="org.testngdemo.Demo4"/>
  <testcase name="tc3" time="0.027" classname="org.testngdemo.Demo4"/>
</testsuite> <!-- org.testngdemo.Demo4 -->
