<?xml version="1.0" encoding="UTF-8"?>
<!-- Generated by org.testng.reporters.JUnitReportReporter -->
<testsuite skipped="0" hostname="DESKTOP-MOAHVBU" name="org.testngdemo.Demo1" tests="7" failures="0" timestamp="18 Feb 2021 05:34:43 GMT" time="0.086" errors="0">
  <testcase name="tc0" time="0.013" classname="org.testngdemo.Demo1"/>
  <testcase name="tc0" time="0.003" classname="org.testngdemo.Demo1"/>
  <testcase name="tc1" time="0.004" classname="org.testngdemo.Demo1"/>
  <testcase name="tc0" time="0.003" classname="org.testngdemo.Demo1"/>
  <testcase name="tc2" time="0.004" classname="org.testngdemo.Demo1"/>
  <testcase name="tc4" time="0.052" classname="org.testngdemo.Demo1"/>
  <testcase name="tc3" time="0.007" classname="org.testngdemo.Demo1"/>
</testsuite> <!-- org.testngdemo.Demo1 -->
