<?xml version="1.0" encoding="UTF-8"?>
<!-- Generated by org.testng.reporters.JUnitReportReporter -->
<testsuite skipped="0" hostname="DESKTOP-MOAHVBU" name="org.testngdemo.Withpp" tests="4" failures="0" timestamp="23 Feb 2021 05:49:27 GMT" time="0.033" errors="0">
  <testcase name="tc0" time="0.018" classname="org.testngdemo.Withpp"/>
  <testcase name="tc1" time="0.009" classname="org.testngdemo.Withpp"/>
  <testcase name="tc3" time="0.003" classname="org.testngdemo.Withpp"/>
  <testcase name="tc2" time="0.003" classname="org.testngdemo.Withpp"/>
</testsuite> <!-- org.testngdemo.Withpp -->
