<?xml version="1.0" encoding="UTF-8"?>
<!-- Generated by org.testng.reporters.JUnitReportReporter -->
<testsuite skipped="0" hostname="DESKTOP-MOAHVBU" name="org.adactin.AdactinTestNGDemo" tests="1" failures="0" timestamp="18 Feb 2021 04:35:33 GMT" time="28.797" errors="0">
  <testcase name="tc0" time="28.797" classname="org.adactin.AdactinTestNGDemo"/>
</testsuite> <!-- org.adactin.AdactinTestNGDemo -->
