<?xml version="1.0" encoding="UTF-8"?>
<!-- Generated by org.testng.reporters.JUnitReportReporter -->
<testsuite skipped="0" hostname="DESKTOP-MOAHVBU" name="org.testngdemo.Withoutpp" tests="4" failures="0" timestamp="23 Feb 2021 05:48:52 GMT" time="0.040" errors="0">
  <testcase name="tc0" time="0.034" classname="org.testngdemo.Withoutpp"/>
  <testcase name="tc1" time="0.004" classname="org.testngdemo.Withoutpp"/>
  <testcase name="tc3" time="0.001" classname="org.testngdemo.Withoutpp"/>
  <testcase name="tc2" time="0.001" classname="org.testngdemo.Withoutpp"/>
</testsuite> <!-- org.testngdemo.Withoutpp -->
