<?xml version="1.0" encoding="UTF-8"?>
<!-- Generated by org.testng.reporters.JUnitReportReporter -->
<testsuite skipped="0" hostname="DESKTOP-MOAHVBU" name="org.testngdemo.Crossbrowserwithoutpp" tests="4" failures="0" timestamp="20 Feb 2021 07:11:32 GMT" time="0.031" errors="0">
  <testcase name="tc0" time="0.016" classname="org.testngdemo.Crossbrowserwithoutpp"/>
  <testcase name="tc1" time="0.000" classname="org.testngdemo.Crossbrowserwithoutpp"/>
  <testcase name="tc3" time="0.000" classname="org.testngdemo.Crossbrowserwithoutpp"/>
  <testcase name="tc2" time="0.015" classname="org.testngdemo.Crossbrowserwithoutpp"/>
</testsuite> <!-- org.testngdemo.Crossbrowserwithoutpp -->
