<?xml version="1.0" encoding="UTF-8"?>
<!-- Generated by org.testng.reporters.JUnitReportReporter -->
<testsuite skipped="1" hostname="DESKTOP-MOAHVBU" name="org.testngdemo.Demo2" tests="6" failures="0" timestamp="18 Feb 2021 05:41:26 GMT" time="0.025" errors="0">
  <testcase name="tc0" time="0.014" classname="org.testngdemo.Demo2"/>
  <testcase name="tc0" time="0.002" classname="org.testngdemo.Demo2"/>
  <testcase name="tc3" time="0.001" classname="org.testngdemo.Demo2"/>
  <testcase name="tc2" time="0.003" classname="org.testngdemo.Demo2"/>
  <testcase name="tc4" time="0.005" classname="org.testngdemo.Demo2"/>
  <testcase name="tc1" classname="org.testngdemo.Demo2">
    <skipped/>
  </testcase> <!-- tc1 -->
</testsuite> <!-- org.testngdemo.Demo2 -->
