<?xml version="1.0" encoding="UTF-8"?>
<!-- Generated by org.testng.reporters.JUnitReportReporter -->
<testsuite skipped="0" hostname="DESKTOP-MOAHVBU" name="org.testngdemo.Crossbrowserwithpp" tests="4" failures="0" timestamp="20 Feb 2021 07:10:31 GMT" time="0.124" errors="0">
  <testcase name="tc0" time="0.031" classname="org.testngdemo.Crossbrowserwithpp"/>
  <testcase name="tc2" time="0.031" classname="org.testngdemo.Crossbrowserwithpp"/>
  <testcase name="tc3" time="0.031" classname="org.testngdemo.Crossbrowserwithpp"/>
  <testcase name="tc1" time="0.031" classname="org.testngdemo.Crossbrowserwithpp"/>
</testsuite> <!-- org.testngdemo.Crossbrowserwithpp -->
