<?xml version="1.0" encoding="UTF-8"?>
<!-- Generated by org.testng.reporters.JUnitReportReporter -->
<testsuite skipped="1" hostname="DESKTOP-MOAHVBU" name="org.testngdemo.Demo3" tests="5" failures="0" timestamp="18 Feb 2021 15:50:16 GMT" time="0.029" errors="0">
  <testcase name="tc3" time="0.006" classname="org.testngdemo.Demo3"/>
  <testcase name="tc0" time="0.020" classname="org.testngdemo.Demo3"/>
  <testcase name="tc0" time="0.002" classname="org.testngdemo.Demo3"/>
  <testcase name="tc1" time="0.001" classname="org.testngdemo.Demo3"/>
  <testcase name="tc2" classname="org.testngdemo.Demo3">
    <skipped/>
  </testcase> <!-- tc2 -->
</testsuite> <!-- org.testngdemo.Demo3 -->
